fortran compiler found at: /usr/bin/gfortran

Fmm installation not in standard location
Manual installation required
iter_idx =

     1


rads =

  Columns 1 through 7

    1.1411    0.7628    0.8414    1.2547    1.2547    0.8414    0.7628

  Column 8

    1.1411


iter_idx =

     2

Time to find eigenvalue: 1.79e+02; {Error using horzcat
Dimensions of arrays being concatenated are not consistent.

Error in ud_norm (line 31)
        rr = [roots(pd) -1 1];

Error in compute_loss (line 49)
        start = tic; [ud_p] = ud_norm(chnkr, zk, sigma, p);

Error in gd (line 38)
            f_next = compute_loss(compute_polygon_vertices(angles, rads-step*grad),loss_params,chebabs);

Error in gd8 (line 13)
result = gd(dump_dir, n,bottom,a,b,h,min_step_size,max_iter);
} 
